<?xml version="1.0" encoding="UTF-8"?>
<!-- Generated by org.testng.reporters.JUnitReportReporter -->
<testsuite hostname="DESKTOP-8AT6061" failures="0" tests="1" name="SeleniumEx.FirstEX" time="6.744" errors="0" timestamp="2021-10-24T13:07:01 IST" skipped="0">
  <testcase classname="SeleniumEx.FirstEX" name="test01" time="6.744"/>
  <system-out/>
</testsuite> <!-- SeleniumEx.FirstEX -->
