<?xml version="1.0" encoding="UTF-8"?>
<!-- Generated by org.testng.reporters.JUnitReportReporter -->
<testsuite hostname="DESKTOP-8AT6061" failures="0" tests="1" name="SeleniumEx.TestCasewithTestNG" time="14.866" errors="0" timestamp="2021-10-24T13:26:57 IST" skipped="0">
  <testcase classname="SeleniumEx.TestCasewithTestNG" name="VerifyLogoTest" time="14.866"/>
  <system-out/>
</testsuite> <!-- SeleniumEx.TestCasewithTestNG -->
